<?xml version="1.0" encoding="UTF-8"?>
<!-- Generated by org.testng.reporters.JUnitReportReporter -->
<testsuite hostname="WebCARE" failures="0" tests="1" name="test2" time="0.007" errors="0" timestamp="2023-11-02T18:40:26 IST" skipped="0">
  <testcase classname="test2" name="name" time="0.007"/>
</testsuite> <!-- test2 -->
