<?xml version="1.0" encoding="UTF-8"?>
<!-- Generated by org.testng.reporters.JUnitReportReporter -->
<testsuite hostname="WebCARE" failures="0" tests="1" name="Ordercenter_Testcases.Submit615FForm" time="26.038" errors="0" timestamp="2023-09-20T20:02:17 IST" skipped="0">
  <testcase classname="Ordercenter_Testcases.Submit615FForm" name="ValidateDoorNumberSubmition123" time="26.038"/>
</testsuite> <!-- Ordercenter_Testcases.Submit615FForm -->
