<?xml version="1.0" encoding="UTF-8"?>
<!-- Generated by org.testng.reporters.JUnitReportReporter -->
<testsuite hostname="WebCARE" failures="0" tests="1" name="Ordercenter_Testcases.MODEL_615F_SUBMISSION" time="15.897" errors="0" timestamp="2023-10-21T12:49:44 IST" skipped="0">
  <testcase classname="Ordercenter_Testcases.MODEL_615F_SUBMISSION" name="ValidateSubmission" time="15.897"/>
</testsuite> <!-- Ordercenter_Testcases.MODEL_615F_SUBMISSION -->
