<?xml version="1.0" encoding="UTF-8"?>
<!-- Generated by org.testng.reporters.JUnitReportReporter -->
<testsuite hostname="WebCARE" failures="0" tests="1" name="Ordercenter_Testcases.Submit615Form" time="39.942" errors="0" timestamp="2023-09-21T15:40:22 IST" skipped="0">
  <testcase classname="Ordercenter_Testcases.Submit615Form" name="ValidateDoorNumberSubmition123" time="39.942"/>
</testsuite> <!-- Ordercenter_Testcases.Submit615Form -->
