<?xml version="1.0" encoding="UTF-8"?>
<!-- Generated by org.testng.reporters.JUnitReportReporter -->
<testsuite hostname="WebCARE" failures="0" tests="1" name="Ordercenter_Testcases.MODEL_615LAW_SUBMISSION" time="20.433" errors="0" timestamp="2023-10-21T12:47:59 IST" skipped="0">
  <testcase classname="Ordercenter_Testcases.MODEL_615LAW_SUBMISSION" name="ValidateDoorNumberSubmition123" time="20.433"/>
</testsuite> <!-- Ordercenter_Testcases.MODEL_615LAW_SUBMISSION -->
